3.4422 	WARNING 	We strongly recommend you activate the PTB sound engine in PsychoPy prefs as the preferred audio engine. Its timing is vastly superior. Your prefs are currently set to use ['sounddevice', 'PTB', 'pyo', 'pygame'] (in that order).
9.8158 	WARNING 	User requested fullscreen with size [1024  768], but screen is actually [1920, 1080]. Using actual size
11.8967 	EXP 	Created window1 = Window(allowGUI=True, allowStencil=False, autoLog=True, backendConf=UNKNOWN, bitsMode=UNKNOWN, blendMode='avg', bpc=(8, 8, 8), color=array([0, 0, 0]), colorSpace='rgb', depthBits=8, fullscr=<method-wrapper '__getattribute__' of attributeSetter object at 0x000002681261EE80>, gamma=None, gammaErrorPolicy='raise', lms=UNKNOWN, monitor=<psychopy.monitors.calibTools.Monitor object at 0x00000268174B8250>, multiSample=False, name='window1', numSamples=2, pos=(0, 0), screen=0, size=array([1920, 1080]), stencilBits=0, stereo=False, units='height', useFBO=True, useRetina=False, viewOri=0.0, viewPos=None, viewScale=None, waitBlanking=True, winType='pyglet')
11.8969 	EXP 	window1: mouseVisible = True
11.8971 	EXP 	window1: mouseVisible = False
11.8971 	EXP 	window1: Attempting to measure frame rate of screen (0) ...
11.8971 	EXP 	window1: recordFrameIntervals = False
12.0620 	EXP 	window1: recordFrameIntervals = True
12.2453 	EXP 	Screen (0) actual frame rate measured at 60.08Hz
12.2454 	EXP 	window1: recordFrameIntervals = False
15.4387 	EXP 	Created fixation = ShapeStim(__class__=<class 'psychopy.visual.shape.ShapeStim'>, anchor=('center', 'center'), autoDraw=False, autoLog=True, closeShape=True, color=method-wrapper(...), colorSpace='rgb', contrast=None, depth=0.0, fillColor=array([-0.2549,  0.2392,  0.2549]), fillColorSpace='rgb', fillRGB=array([-0.2549,  0.2392,  0.2549]), interpolate=True, lineColor=array([1., 1., 1.]), lineColorSpace='rgb', lineRGB=array([1, 1, 1]), lineWidth=1.0, name='fixation', opacity=1.0, ori=0.0, pos=array([0., 0.]), size=array([10., 10.]), units='pix', vertices=ndarray(...), win=Window(...), windingRule=None)
15.4412 	EXP 	Created line1 = Rect(__class__=<class 'psychopy.visual.rect.Rect'>, anchor=('center', 'center'), autoDraw=False, autoLog=True, closeShape=True, color=method-wrapper(...), colorSpace='rgb', contrast=None, depth=-1.0, fillColor=array([1, 1, 1]), fillColorSpace='rgb', fillRGB=array([1, 1, 1]), interpolate=True, lineColor=array([1., 1., 1.]), lineColorSpace='rgb', lineRGB=array([1, 1, 1]), lineWidth=1.0, name='line1', opacity=1.0, ori=90.0, pos=array([-150.,    0.]), size=array([100.,  10.]), units='pix', vertices=ndarray(...), win=Window(...))
15.4441 	EXP 	Created line2 = Rect(__class__=<class 'psychopy.visual.rect.Rect'>, anchor=('center', 'center'), autoDraw=False, autoLog=True, closeShape=True, color=method-wrapper(...), colorSpace='rgb', contrast=None, depth=-2.0, fillColor=array([1, 1, 1]), fillColorSpace='rgb', fillRGB=array([1, 1, 1]), interpolate=True, lineColor=array([1., 1., 1.]), lineColorSpace='rgb', lineRGB=array([1, 1, 1]), lineWidth=1.0, name='line2', opacity=1.0, ori=90.0, pos=array([-50.,   0.]), size=array([100.,  10.]), units='pix', vertices=ndarray(...), win=Window(...))
15.4486 	EXP 	Created line3 = Rect(__class__=<class 'psychopy.visual.rect.Rect'>, anchor=('center', 'center'), autoDraw=False, autoLog=True, closeShape=True, color=method-wrapper(...), colorSpace='rgb', contrast=None, depth=-3.0, fillColor=array([1, 1, 1]), fillColorSpace='rgb', fillRGB=array([1, 1, 1]), interpolate=True, lineColor=array([1., 1., 1.]), lineColorSpace='rgb', lineRGB=array([1, 1, 1]), lineWidth=1.0, name='line3', opacity=1.0, ori=90.0, pos=array([50.,  0.]), size=array([100.,  10.]), units='pix', vertices=ndarray(...), win=Window(...))
15.4523 	EXP 	Created line4 = Rect(__class__=<class 'psychopy.visual.rect.Rect'>, anchor=('center', 'center'), autoDraw=False, autoLog=True, closeShape=True, color=method-wrapper(...), colorSpace='rgb', contrast=None, depth=-4.0, fillColor=array([1, 1, 1]), fillColorSpace='rgb', fillRGB=array([1, 1, 1]), interpolate=True, lineColor=array([1., 1., 1.]), lineColorSpace='rgb', lineRGB=array([1, 1, 1]), lineWidth=1.0, name='line4', opacity=1.0, ori=90.0, pos=array([150.,   0.]), size=array([100.,  10.]), units='pix', vertices=ndarray(...), win=Window(...))
15.4559 	EXP 	Created probe = ShapeStim(__class__=<class 'psychopy.visual.shape.ShapeStim'>, anchor=('center', 'center'), autoDraw=False, autoLog=True, closeShape=True, color=method-wrapper(...), colorSpace='rgb', contrast=None, depth=-5.0, fillColor=array([1, 1, 1]), fillColorSpace='rgb', fillRGB=array([1, 1, 1]), interpolate=True, lineColor=array([1., 1., 1.]), lineColorSpace='rgb', lineRGB=array([1, 1, 1]), lineWidth=1.0, name='probe', opacity=1.0, ori=0.0, pos=array([0., 0.]), size=array([10., 10.]), units='pix', vertices=ndarray(...), win=Window(...), windingRule=None)
15.4594 	EXP 	Created fixation = ShapeStim(__class__=<class 'psychopy.visual.shape.ShapeStim'>, anchor=('center', 'center'), autoDraw=False, autoLog=True, closeShape=True, color=method-wrapper(...), colorSpace='rgb', contrast=None, depth=0.0, fillColor=array([-0.2549,  0.2392,  0.2549]), fillColorSpace='rgb', fillRGB=array([-0.2549,  0.2392,  0.2549]), interpolate=True, lineColor=array([1., 1., 1.]), lineColorSpace='rgb', lineRGB=array([1, 1, 1]), lineWidth=1.0, name='fixation', opacity=1.0, ori=0.0, pos=array([0., 0.]), size=array([10., 10.]), units='pix', vertices=ndarray(...), win=Window(...), windingRule=None)
15.4617 	EXP 	Created line1 = Rect(__class__=<class 'psychopy.visual.rect.Rect'>, anchor=('center', 'center'), autoDraw=False, autoLog=True, closeShape=True, color=method-wrapper(...), colorSpace='rgb', contrast=None, depth=-1.0, fillColor=array([1, 1, 1]), fillColorSpace='rgb', fillRGB=array([1, 1, 1]), interpolate=True, lineColor=array([1., 1., 1.]), lineColorSpace='rgb', lineRGB=array([1, 1, 1]), lineWidth=1.0, name='line1', opacity=1.0, ori=90.0, pos=array([-150.,    0.]), size=array([100.,  10.]), units='pix', vertices=ndarray(...), win=Window(...))
15.4645 	EXP 	Created line2 = Rect(__class__=<class 'psychopy.visual.rect.Rect'>, anchor=('center', 'center'), autoDraw=False, autoLog=True, closeShape=True, color=method-wrapper(...), colorSpace='rgb', contrast=None, depth=-2.0, fillColor=array([1, 1, 1]), fillColorSpace='rgb', fillRGB=array([1, 1, 1]), interpolate=True, lineColor=array([1., 1., 1.]), lineColorSpace='rgb', lineRGB=array([1, 1, 1]), lineWidth=1.0, name='line2', opacity=1.0, ori=90.0, pos=array([-50.,   0.]), size=array([100.,  10.]), units='pix', vertices=ndarray(...), win=Window(...))
15.4671 	EXP 	Created line3 = Rect(__class__=<class 'psychopy.visual.rect.Rect'>, anchor=('center', 'center'), autoDraw=False, autoLog=True, closeShape=True, color=method-wrapper(...), colorSpace='rgb', contrast=None, depth=-3.0, fillColor=array([1, 1, 1]), fillColorSpace='rgb', fillRGB=array([1, 1, 1]), interpolate=True, lineColor=array([1., 1., 1.]), lineColorSpace='rgb', lineRGB=array([1, 1, 1]), lineWidth=1.0, name='line3', opacity=1.0, ori=90.0, pos=array([50.,  0.]), size=array([100.,  10.]), units='pix', vertices=ndarray(...), win=Window(...))
15.4693 	EXP 	Created line4 = Rect(__class__=<class 'psychopy.visual.rect.Rect'>, anchor=('center', 'center'), autoDraw=False, autoLog=True, closeShape=True, color=method-wrapper(...), colorSpace='rgb', contrast=None, depth=-4.0, fillColor=array([1, 1, 1]), fillColorSpace='rgb', fillRGB=array([1, 1, 1]), interpolate=True, lineColor=array([1., 1., 1.]), lineColorSpace='rgb', lineRGB=array([1, 1, 1]), lineWidth=1.0, name='line4', opacity=1.0, ori=90.0, pos=array([150.,   0.]), size=array([100.,  10.]), units='pix', vertices=ndarray(...), win=Window(...))
15.4716 	EXP 	Created probe = ShapeStim(__class__=<class 'psychopy.visual.shape.ShapeStim'>, anchor=('center', 'center'), autoDraw=False, autoLog=True, closeShape=True, color=method-wrapper(...), colorSpace='rgb', contrast=None, depth=-5.0, fillColor=array([1, 1, 1]), fillColorSpace='rgb', fillRGB=array([1, 1, 1]), interpolate=True, lineColor=array([1., 1., 1.]), lineColorSpace='rgb', lineRGB=array([1, 1, 1]), lineWidth=1.0, name='probe', opacity=1.0, ori=0.0, pos=array([0., 0.]), size=array([10., 10.]), units='pix', vertices=ndarray(...), win=Window(...), windingRule=None)
15.4779 	EXP 	Imported C:/Users/debol/Desktop/PsychoPy/sequence_conditions 2.csv as conditions, 4 conditions, 2 params
15.4804 	EXP 	Created sequence: sequential, trialTypes=4, nReps=12, seed=None
15.4824 	EXP 	New trial (rep=0, index=0): OrderedDict([('pos', -50), ('corr_resp', 'x')])
15.5000 	EXP 	fixation: autoDraw = True
16.4784 	EXP 	line1: autoDraw = True
16.4784 	EXP 	line2: autoDraw = True
16.4784 	EXP 	line3: autoDraw = True
16.4784 	EXP 	line4: autoDraw = True
16.5115 	EXP 	fixation: autoDraw = False
17.4780 	EXP 	probe: autoDraw = True
18.2818 	EXP 	New trial (rep=0, index=1): OrderedDict([('pos', 150), ('corr_resp', 'v')])
18.2832 	DATA 	Keypress: x
18.2944 	EXP 	fixation: autoDraw = False
18.2944 	EXP 	line1: autoDraw = False
18.2944 	EXP 	line2: autoDraw = False
18.2944 	EXP 	line3: autoDraw = False
18.2944 	EXP 	line4: autoDraw = False
18.2944 	EXP 	probe: autoDraw = False
18.2944 	EXP 	fixation: autoDraw = True
19.2944 	EXP 	fixation: autoDraw = False
19.2944 	EXP 	line1: autoDraw = True
19.2944 	EXP 	line2: autoDraw = True
19.2944 	EXP 	line3: autoDraw = True
19.2944 	EXP 	line4: autoDraw = True
20.2942 	EXP 	probe: autoDraw = True
20.6502 	DATA 	Keypress: v
20.6618 	EXP 	New trial (rep=0, index=2): OrderedDict([('pos', 50), ('corr_resp', 'c')])
20.6775 	EXP 	fixation: autoDraw = False
20.6775 	EXP 	line1: autoDraw = False
20.6775 	EXP 	line2: autoDraw = False
20.6775 	EXP 	line3: autoDraw = False
20.6775 	EXP 	line4: autoDraw = False
20.6775 	EXP 	probe: autoDraw = False
20.6775 	EXP 	fixation: autoDraw = True
21.6773 	EXP 	fixation: autoDraw = False
21.6773 	EXP 	line1: autoDraw = True
21.6773 	EXP 	line2: autoDraw = True
21.6773 	EXP 	line3: autoDraw = True
21.6773 	EXP 	line4: autoDraw = True
22.6771 	EXP 	probe: autoDraw = True
23.0126 	EXP 	New trial (rep=0, index=3): OrderedDict([('pos', -150), ('corr_resp', 'z')])
23.0146 	DATA 	Keypress: c
23.0270 	EXP 	fixation: autoDraw = False
23.0270 	EXP 	line1: autoDraw = False
23.0270 	EXP 	line2: autoDraw = False
23.0270 	EXP 	line3: autoDraw = False
23.0270 	EXP 	line4: autoDraw = False
23.0270 	EXP 	probe: autoDraw = False
23.0270 	EXP 	fixation: autoDraw = True
24.0271 	EXP 	fixation: autoDraw = False
24.0271 	EXP 	line1: autoDraw = True
24.0271 	EXP 	line2: autoDraw = True
24.0271 	EXP 	line3: autoDraw = True
24.0271 	EXP 	line4: autoDraw = True
25.0271 	EXP 	probe: autoDraw = True
25.3121 	EXP 	New trial (rep=1, index=0): OrderedDict([('pos', -50), ('corr_resp', 'x')])
25.3134 	DATA 	Keypress: z
25.3270 	EXP 	fixation: autoDraw = False
25.3270 	EXP 	line1: autoDraw = False
25.3270 	EXP 	line2: autoDraw = False
25.3270 	EXP 	line3: autoDraw = False
25.3270 	EXP 	line4: autoDraw = False
25.3270 	EXP 	probe: autoDraw = False
25.3270 	EXP 	fixation: autoDraw = True
26.3268 	EXP 	fixation: autoDraw = False
26.3268 	EXP 	line1: autoDraw = True
26.3268 	EXP 	line2: autoDraw = True
26.3268 	EXP 	line3: autoDraw = True
26.3268 	EXP 	line4: autoDraw = True
27.3268 	EXP 	probe: autoDraw = True
27.6784 	EXP 	New trial (rep=1, index=1): OrderedDict([('pos', 150), ('corr_resp', 'v')])
27.6806 	DATA 	Keypress: x
27.6933 	EXP 	fixation: autoDraw = False
27.6933 	EXP 	line1: autoDraw = False
27.6933 	EXP 	line2: autoDraw = False
27.6933 	EXP 	line3: autoDraw = False
27.6933 	EXP 	line4: autoDraw = False
27.6933 	EXP 	probe: autoDraw = False
27.6933 	EXP 	fixation: autoDraw = True
28.6930 	EXP 	fixation: autoDraw = False
28.6930 	EXP 	line1: autoDraw = True
28.6930 	EXP 	line2: autoDraw = True
28.6930 	EXP 	line3: autoDraw = True
28.6930 	EXP 	line4: autoDraw = True
29.6929 	EXP 	probe: autoDraw = True
29.9780 	EXP 	New trial (rep=1, index=2): OrderedDict([('pos', 50), ('corr_resp', 'c')])
29.9800 	DATA 	Keypress: v
29.9928 	EXP 	fixation: autoDraw = False
29.9928 	EXP 	line1: autoDraw = False
29.9928 	EXP 	line2: autoDraw = False
29.9928 	EXP 	line3: autoDraw = False
29.9928 	EXP 	line4: autoDraw = False
29.9928 	EXP 	probe: autoDraw = False
29.9928 	EXP 	fixation: autoDraw = True
30.9927 	EXP 	fixation: autoDraw = False
30.9927 	EXP 	line1: autoDraw = True
30.9927 	EXP 	line2: autoDraw = True
30.9927 	EXP 	line3: autoDraw = True
30.9927 	EXP 	line4: autoDraw = True
31.9926 	EXP 	probe: autoDraw = True
32.3437 	EXP 	New trial (rep=1, index=3): OrderedDict([('pos', -150), ('corr_resp', 'z')])
32.3450 	DATA 	Keypress: c
32.3593 	EXP 	fixation: autoDraw = False
32.3593 	EXP 	line1: autoDraw = False
32.3593 	EXP 	line2: autoDraw = False
32.3593 	EXP 	line3: autoDraw = False
32.3593 	EXP 	line4: autoDraw = False
32.3593 	EXP 	probe: autoDraw = False
32.3593 	EXP 	fixation: autoDraw = True
33.3425 	EXP 	line1: autoDraw = True
33.3425 	EXP 	line2: autoDraw = True
33.3425 	EXP 	line3: autoDraw = True
33.3425 	EXP 	line4: autoDraw = True
33.3591 	EXP 	fixation: autoDraw = False
34.3590 	EXP 	probe: autoDraw = True
34.5791 	DATA 	Keypress: z
34.5940 	EXP 	New trial (rep=2, index=0): OrderedDict([('pos', -50), ('corr_resp', 'x')])
34.6089 	EXP 	fixation: autoDraw = False
34.6089 	EXP 	line1: autoDraw = False
34.6089 	EXP 	line2: autoDraw = False
34.6089 	EXP 	line3: autoDraw = False
34.6089 	EXP 	line4: autoDraw = False
34.6089 	EXP 	probe: autoDraw = False
34.6089 	EXP 	fixation: autoDraw = True
35.6090 	EXP 	fixation: autoDraw = False
35.6090 	EXP 	line1: autoDraw = True
35.6090 	EXP 	line2: autoDraw = True
35.6090 	EXP 	line3: autoDraw = True
35.6090 	EXP 	line4: autoDraw = True
36.6088 	EXP 	probe: autoDraw = True
36.8939 	EXP 	New trial (rep=2, index=1): OrderedDict([('pos', 150), ('corr_resp', 'v')])
36.8959 	DATA 	Keypress: x
36.9091 	EXP 	fixation: autoDraw = False
36.9091 	EXP 	line1: autoDraw = False
36.9091 	EXP 	line2: autoDraw = False
36.9091 	EXP 	line3: autoDraw = False
36.9091 	EXP 	line4: autoDraw = False
36.9091 	EXP 	probe: autoDraw = False
36.9091 	EXP 	fixation: autoDraw = True
37.9086 	EXP 	fixation: autoDraw = False
37.9086 	EXP 	line1: autoDraw = True
37.9086 	EXP 	line2: autoDraw = True
37.9086 	EXP 	line3: autoDraw = True
37.9086 	EXP 	line4: autoDraw = True
38.9083 	EXP 	probe: autoDraw = True
39.1602 	EXP 	New trial (rep=2, index=2): OrderedDict([('pos', 50), ('corr_resp', 'c')])
39.1624 	DATA 	Keypress: v
39.1750 	EXP 	fixation: autoDraw = False
39.1750 	EXP 	line1: autoDraw = False
39.1750 	EXP 	line2: autoDraw = False
39.1750 	EXP 	line3: autoDraw = False
39.1750 	EXP 	line4: autoDraw = False
39.1750 	EXP 	probe: autoDraw = False
39.1750 	EXP 	fixation: autoDraw = True
40.1749 	EXP 	fixation: autoDraw = False
40.1749 	EXP 	line1: autoDraw = True
40.1749 	EXP 	line2: autoDraw = True
40.1749 	EXP 	line3: autoDraw = True
40.1749 	EXP 	line4: autoDraw = True
41.1747 	EXP 	probe: autoDraw = True
41.5452 	DATA 	Keypress: c
41.5591 	EXP 	New trial (rep=2, index=3): OrderedDict([('pos', -150), ('corr_resp', 'z')])
41.5746 	EXP 	fixation: autoDraw = False
41.5746 	EXP 	line1: autoDraw = False
41.5746 	EXP 	line2: autoDraw = False
41.5746 	EXP 	line3: autoDraw = False
41.5746 	EXP 	line4: autoDraw = False
41.5746 	EXP 	probe: autoDraw = False
41.5746 	EXP 	fixation: autoDraw = True
42.5747 	EXP 	fixation: autoDraw = False
42.5747 	EXP 	line1: autoDraw = True
42.5747 	EXP 	line2: autoDraw = True
42.5747 	EXP 	line3: autoDraw = True
42.5747 	EXP 	line4: autoDraw = True
43.5744 	EXP 	probe: autoDraw = True
43.8290 	DATA 	Keypress: z
43.8425 	EXP 	New trial (rep=3, index=0): OrderedDict([('pos', -50), ('corr_resp', 'x')])
43.8578 	EXP 	fixation: autoDraw = False
43.8578 	EXP 	line1: autoDraw = False
43.8578 	EXP 	line2: autoDraw = False
43.8578 	EXP 	line3: autoDraw = False
43.8578 	EXP 	line4: autoDraw = False
43.8578 	EXP 	probe: autoDraw = False
43.8578 	EXP 	fixation: autoDraw = True
44.8578 	EXP 	fixation: autoDraw = False
44.8578 	EXP 	line1: autoDraw = True
44.8578 	EXP 	line2: autoDraw = True
44.8578 	EXP 	line3: autoDraw = True
44.8578 	EXP 	line4: autoDraw = True
45.8575 	EXP 	probe: autoDraw = True
46.1590 	EXP 	New trial (rep=3, index=1): OrderedDict([('pos', 150), ('corr_resp', 'v')])
46.1609 	DATA 	Keypress: x
46.1741 	EXP 	fixation: autoDraw = False
46.1741 	EXP 	line1: autoDraw = False
46.1741 	EXP 	line2: autoDraw = False
46.1741 	EXP 	line3: autoDraw = False
46.1741 	EXP 	line4: autoDraw = False
46.1741 	EXP 	probe: autoDraw = False
46.1741 	EXP 	fixation: autoDraw = True
47.1739 	EXP 	fixation: autoDraw = False
47.1739 	EXP 	line1: autoDraw = True
47.1739 	EXP 	line2: autoDraw = True
47.1739 	EXP 	line3: autoDraw = True
47.1739 	EXP 	line4: autoDraw = True
48.1740 	EXP 	probe: autoDraw = True
48.4951 	DATA 	Keypress: v
48.5087 	EXP 	New trial (rep=3, index=2): OrderedDict([('pos', 50), ('corr_resp', 'c')])
48.5237 	EXP 	fixation: autoDraw = False
48.5237 	EXP 	line1: autoDraw = False
48.5237 	EXP 	line2: autoDraw = False
48.5237 	EXP 	line3: autoDraw = False
48.5237 	EXP 	line4: autoDraw = False
48.5237 	EXP 	probe: autoDraw = False
48.5237 	EXP 	fixation: autoDraw = True
49.5236 	EXP 	fixation: autoDraw = False
49.5236 	EXP 	line1: autoDraw = True
49.5236 	EXP 	line2: autoDraw = True
49.5236 	EXP 	line3: autoDraw = True
49.5236 	EXP 	line4: autoDraw = True
50.5235 	EXP 	probe: autoDraw = True
50.7916 	EXP 	New trial (rep=3, index=3): OrderedDict([('pos', -150), ('corr_resp', 'z')])
50.7934 	DATA 	Keypress: c
50.8069 	EXP 	fixation: autoDraw = False
50.8069 	EXP 	line1: autoDraw = False
50.8069 	EXP 	line2: autoDraw = False
50.8069 	EXP 	line3: autoDraw = False
50.8069 	EXP 	line4: autoDraw = False
50.8069 	EXP 	probe: autoDraw = False
50.8069 	EXP 	fixation: autoDraw = True
51.8067 	EXP 	fixation: autoDraw = False
51.8067 	EXP 	line1: autoDraw = True
51.8067 	EXP 	line2: autoDraw = True
51.8067 	EXP 	line3: autoDraw = True
51.8067 	EXP 	line4: autoDraw = True
52.1110 	DATA 	Keypress: z
52.8065 	EXP 	probe: autoDraw = True
53.2080 	EXP 	New trial (rep=4, index=0): OrderedDict([('pos', -50), ('corr_resp', 'x')])
53.2099 	DATA 	Keypress: z
53.2231 	EXP 	fixation: autoDraw = False
53.2231 	EXP 	line1: autoDraw = False
53.2231 	EXP 	line2: autoDraw = False
53.2231 	EXP 	line3: autoDraw = False
53.2231 	EXP 	line4: autoDraw = False
53.2231 	EXP 	probe: autoDraw = False
53.2231 	EXP 	fixation: autoDraw = True
54.2230 	EXP 	fixation: autoDraw = False
54.2230 	EXP 	line1: autoDraw = True
54.2230 	EXP 	line2: autoDraw = True
54.2230 	EXP 	line3: autoDraw = True
54.2230 	EXP 	line4: autoDraw = True
55.2230 	EXP 	probe: autoDraw = True
55.5277 	DATA 	Keypress: x
55.5410 	EXP 	New trial (rep=4, index=1): OrderedDict([('pos', 150), ('corr_resp', 'v')])
55.5562 	EXP 	fixation: autoDraw = False
55.5562 	EXP 	line1: autoDraw = False
55.5562 	EXP 	line2: autoDraw = False
55.5562 	EXP 	line3: autoDraw = False
55.5562 	EXP 	line4: autoDraw = False
55.5562 	EXP 	probe: autoDraw = False
55.5562 	EXP 	fixation: autoDraw = True
56.5561 	EXP 	fixation: autoDraw = False
56.5561 	EXP 	line1: autoDraw = True
56.5561 	EXP 	line2: autoDraw = True
56.5561 	EXP 	line3: autoDraw = True
56.5561 	EXP 	line4: autoDraw = True
57.5560 	EXP 	probe: autoDraw = True
58.0908 	EXP 	New trial (rep=4, index=2): OrderedDict([('pos', 50), ('corr_resp', 'c')])
58.0925 	DATA 	Keypress: v
58.1059 	EXP 	fixation: autoDraw = False
58.1059 	EXP 	line1: autoDraw = False
58.1059 	EXP 	line2: autoDraw = False
58.1059 	EXP 	line3: autoDraw = False
58.1059 	EXP 	line4: autoDraw = False
58.1059 	EXP 	probe: autoDraw = False
58.1059 	EXP 	fixation: autoDraw = True
59.1057 	EXP 	fixation: autoDraw = False
59.1057 	EXP 	line1: autoDraw = True
59.1057 	EXP 	line2: autoDraw = True
59.1057 	EXP 	line3: autoDraw = True
59.1057 	EXP 	line4: autoDraw = True
60.1057 	EXP 	probe: autoDraw = True
60.4071 	EXP 	New trial (rep=4, index=3): OrderedDict([('pos', -150), ('corr_resp', 'z')])
60.4090 	DATA 	Keypress: c
60.4222 	EXP 	fixation: autoDraw = False
60.4222 	EXP 	line1: autoDraw = False
60.4222 	EXP 	line2: autoDraw = False
60.4222 	EXP 	line3: autoDraw = False
60.4222 	EXP 	line4: autoDraw = False
60.4222 	EXP 	probe: autoDraw = False
60.4222 	EXP 	fixation: autoDraw = True
61.4222 	EXP 	fixation: autoDraw = False
61.4222 	EXP 	line1: autoDraw = True
61.4222 	EXP 	line2: autoDraw = True
61.4222 	EXP 	line3: autoDraw = True
61.4222 	EXP 	line4: autoDraw = True
62.4220 	EXP 	probe: autoDraw = True
62.7400 	EXP 	New trial (rep=5, index=0): OrderedDict([('pos', -50), ('corr_resp', 'x')])
62.7415 	DATA 	Keypress: z
62.7552 	EXP 	fixation: autoDraw = False
62.7552 	EXP 	line1: autoDraw = False
62.7552 	EXP 	line2: autoDraw = False
62.7552 	EXP 	line3: autoDraw = False
62.7552 	EXP 	line4: autoDraw = False
62.7552 	EXP 	probe: autoDraw = False
62.7552 	EXP 	fixation: autoDraw = True
63.7551 	EXP 	fixation: autoDraw = False
63.7551 	EXP 	line1: autoDraw = True
63.7551 	EXP 	line2: autoDraw = True
63.7551 	EXP 	line3: autoDraw = True
63.7551 	EXP 	line4: autoDraw = True
64.7550 	EXP 	probe: autoDraw = True
65.0396 	EXP 	New trial (rep=5, index=1): OrderedDict([('pos', 150), ('corr_resp', 'v')])
65.0411 	DATA 	Keypress: x
65.0551 	EXP 	fixation: autoDraw = False
65.0551 	EXP 	line1: autoDraw = False
65.0551 	EXP 	line2: autoDraw = False
65.0551 	EXP 	line3: autoDraw = False
65.0551 	EXP 	line4: autoDraw = False
65.0551 	EXP 	probe: autoDraw = False
65.0551 	EXP 	fixation: autoDraw = True
66.0382 	EXP 	line1: autoDraw = True
66.0382 	EXP 	line2: autoDraw = True
66.0382 	EXP 	line3: autoDraw = True
66.0382 	EXP 	line4: autoDraw = True
66.0550 	EXP 	fixation: autoDraw = False
67.0384 	EXP 	probe: autoDraw = True
67.3394 	EXP 	New trial (rep=5, index=2): OrderedDict([('pos', 50), ('corr_resp', 'c')])
67.3413 	DATA 	Keypress: v
67.3548 	EXP 	fixation: autoDraw = False
67.3548 	EXP 	line1: autoDraw = False
67.3548 	EXP 	line2: autoDraw = False
67.3548 	EXP 	line3: autoDraw = False
67.3548 	EXP 	line4: autoDraw = False
67.3548 	EXP 	probe: autoDraw = False
67.3548 	EXP 	fixation: autoDraw = True
68.3546 	EXP 	fixation: autoDraw = False
68.3546 	EXP 	line1: autoDraw = True
68.3546 	EXP 	line2: autoDraw = True
68.3546 	EXP 	line3: autoDraw = True
68.3546 	EXP 	line4: autoDraw = True
69.3545 	EXP 	probe: autoDraw = True
69.6223 	EXP 	New trial (rep=5, index=3): OrderedDict([('pos', -150), ('corr_resp', 'z')])
69.6237 	DATA 	Keypress: c
69.6379 	EXP 	fixation: autoDraw = False
69.6379 	EXP 	line1: autoDraw = False
69.6379 	EXP 	line2: autoDraw = False
69.6379 	EXP 	line3: autoDraw = False
69.6379 	EXP 	line4: autoDraw = False
69.6379 	EXP 	probe: autoDraw = False
69.6379 	EXP 	fixation: autoDraw = True
70.6376 	EXP 	fixation: autoDraw = False
70.6376 	EXP 	line1: autoDraw = True
70.6376 	EXP 	line2: autoDraw = True
70.6376 	EXP 	line3: autoDraw = True
70.6376 	EXP 	line4: autoDraw = True
71.6379 	EXP 	probe: autoDraw = True
72.0225 	EXP 	New trial (rep=6, index=0): OrderedDict([('pos', -50), ('corr_resp', 'x')])
72.0243 	DATA 	Keypress: z
72.0374 	EXP 	fixation: autoDraw = False
72.0374 	EXP 	line1: autoDraw = False
72.0374 	EXP 	line2: autoDraw = False
72.0374 	EXP 	line3: autoDraw = False
72.0374 	EXP 	line4: autoDraw = False
72.0374 	EXP 	probe: autoDraw = False
72.0374 	EXP 	fixation: autoDraw = True
73.0371 	EXP 	fixation: autoDraw = False
73.0371 	EXP 	line1: autoDraw = True
73.0371 	EXP 	line2: autoDraw = True
73.0371 	EXP 	line3: autoDraw = True
73.0371 	EXP 	line4: autoDraw = True
74.0371 	EXP 	probe: autoDraw = True
74.3388 	EXP 	New trial (rep=6, index=1): OrderedDict([('pos', 150), ('corr_resp', 'v')])
74.3402 	DATA 	Keypress: x
74.3542 	EXP 	fixation: autoDraw = False
74.3542 	EXP 	line1: autoDraw = False
74.3542 	EXP 	line2: autoDraw = False
74.3542 	EXP 	line3: autoDraw = False
74.3542 	EXP 	line4: autoDraw = False
74.3542 	EXP 	probe: autoDraw = False
74.3542 	EXP 	fixation: autoDraw = True
75.3538 	EXP 	fixation: autoDraw = False
75.3538 	EXP 	line1: autoDraw = True
75.3538 	EXP 	line2: autoDraw = True
75.3538 	EXP 	line3: autoDraw = True
75.3538 	EXP 	line4: autoDraw = True
76.3535 	EXP 	probe: autoDraw = True
76.9880 	EXP 	New trial (rep=6, index=2): OrderedDict([('pos', 50), ('corr_resp', 'c')])
76.9895 	DATA 	Keypress: v
77.0035 	EXP 	fixation: autoDraw = False
77.0035 	EXP 	line1: autoDraw = False
77.0035 	EXP 	line2: autoDraw = False
77.0035 	EXP 	line3: autoDraw = False
77.0035 	EXP 	line4: autoDraw = False
77.0035 	EXP 	probe: autoDraw = False
77.0035 	EXP 	fixation: autoDraw = True
78.0035 	EXP 	fixation: autoDraw = False
78.0035 	EXP 	line1: autoDraw = True
78.0035 	EXP 	line2: autoDraw = True
78.0035 	EXP 	line3: autoDraw = True
78.0035 	EXP 	line4: autoDraw = True
79.0032 	EXP 	probe: autoDraw = True
79.4542 	EXP 	New trial (rep=6, index=3): OrderedDict([('pos', -150), ('corr_resp', 'z')])
79.4557 	DATA 	Keypress: x
79.4698 	EXP 	fixation: autoDraw = False
79.4698 	EXP 	line1: autoDraw = False
79.4698 	EXP 	line2: autoDraw = False
79.4698 	EXP 	line3: autoDraw = False
79.4698 	EXP 	line4: autoDraw = False
79.4698 	EXP 	probe: autoDraw = False
79.4698 	EXP 	fixation: autoDraw = True
80.4530 	EXP 	line1: autoDraw = True
80.4530 	EXP 	line2: autoDraw = True
80.4530 	EXP 	line3: autoDraw = True
80.4530 	EXP 	line4: autoDraw = True
80.4700 	EXP 	fixation: autoDraw = False
81.4533 	EXP 	probe: autoDraw = True
82.0041 	EXP 	New trial (rep=7, index=0): OrderedDict([('pos', -50), ('corr_resp', 'x')])
82.0055 	DATA 	Keypress: z
82.0203 	EXP 	fixation: autoDraw = False
82.0203 	EXP 	line1: autoDraw = False
82.0203 	EXP 	line2: autoDraw = False
82.0203 	EXP 	line3: autoDraw = False
82.0203 	EXP 	line4: autoDraw = False
82.0203 	EXP 	probe: autoDraw = False
82.0203 	EXP 	fixation: autoDraw = True
83.0195 	EXP 	fixation: autoDraw = False
83.0195 	EXP 	line1: autoDraw = True
83.0195 	EXP 	line2: autoDraw = True
83.0195 	EXP 	line3: autoDraw = True
83.0195 	EXP 	line4: autoDraw = True
84.0195 	EXP 	probe: autoDraw = True
84.3703 	EXP 	New trial (rep=7, index=1): OrderedDict([('pos', 150), ('corr_resp', 'v')])
84.3716 	DATA 	Keypress: x
84.3859 	EXP 	fixation: autoDraw = False
84.3859 	EXP 	line1: autoDraw = False
84.3859 	EXP 	line2: autoDraw = False
84.3859 	EXP 	line3: autoDraw = False
84.3859 	EXP 	line4: autoDraw = False
84.3859 	EXP 	probe: autoDraw = False
84.3859 	EXP 	fixation: autoDraw = True
85.3692 	EXP 	line1: autoDraw = True
85.3692 	EXP 	line2: autoDraw = True
85.3692 	EXP 	line3: autoDraw = True
85.3692 	EXP 	line4: autoDraw = True
85.3861 	EXP 	fixation: autoDraw = False
86.3692 	EXP 	probe: autoDraw = True
86.9706 	EXP 	New trial (rep=7, index=2): OrderedDict([('pos', 50), ('corr_resp', 'c')])
86.9719 	DATA 	Keypress: v
86.9857 	EXP 	fixation: autoDraw = False
86.9857 	EXP 	line1: autoDraw = False
86.9857 	EXP 	line2: autoDraw = False
86.9857 	EXP 	line3: autoDraw = False
86.9857 	EXP 	line4: autoDraw = False
86.9857 	EXP 	probe: autoDraw = False
86.9857 	EXP 	fixation: autoDraw = True
87.9854 	EXP 	fixation: autoDraw = False
87.9854 	EXP 	line1: autoDraw = True
87.9854 	EXP 	line2: autoDraw = True
87.9854 	EXP 	line3: autoDraw = True
87.9854 	EXP 	line4: autoDraw = True
88.9853 	EXP 	probe: autoDraw = True
89.4889 	DATA 	Keypress: c
89.5035 	EXP 	New trial (rep=7, index=3): OrderedDict([('pos', -150), ('corr_resp', 'z')])
89.5187 	EXP 	fixation: autoDraw = False
89.5187 	EXP 	line1: autoDraw = False
89.5187 	EXP 	line2: autoDraw = False
89.5187 	EXP 	line3: autoDraw = False
89.5187 	EXP 	line4: autoDraw = False
89.5187 	EXP 	probe: autoDraw = False
89.5187 	EXP 	fixation: autoDraw = True
90.5188 	EXP 	fixation: autoDraw = False
90.5188 	EXP 	line1: autoDraw = True
90.5188 	EXP 	line2: autoDraw = True
90.5188 	EXP 	line3: autoDraw = True
90.5188 	EXP 	line4: autoDraw = True
91.5186 	EXP 	probe: autoDraw = True
92.0371 	EXP 	New trial (rep=8, index=0): OrderedDict([('pos', -50), ('corr_resp', 'x')])
92.0391 	DATA 	Keypress: lshift
92.0523 	EXP 	fixation: autoDraw = False
92.0523 	EXP 	line1: autoDraw = False
92.0523 	EXP 	line2: autoDraw = False
92.0523 	EXP 	line3: autoDraw = False
92.0523 	EXP 	line4: autoDraw = False
92.0523 	EXP 	probe: autoDraw = False
92.0523 	EXP 	fixation: autoDraw = True
93.0516 	EXP 	fixation: autoDraw = False
93.0516 	EXP 	line1: autoDraw = True
93.0516 	EXP 	line2: autoDraw = True
93.0516 	EXP 	line3: autoDraw = True
93.0516 	EXP 	line4: autoDraw = True
94.0515 	EXP 	probe: autoDraw = True
94.3700 	EXP 	New trial (rep=8, index=1): OrderedDict([('pos', 150), ('corr_resp', 'v')])
94.3715 	DATA 	Keypress: x
94.3848 	EXP 	fixation: autoDraw = False
94.3848 	EXP 	line1: autoDraw = False
94.3848 	EXP 	line2: autoDraw = False
94.3848 	EXP 	line3: autoDraw = False
94.3848 	EXP 	line4: autoDraw = False
94.3848 	EXP 	probe: autoDraw = False
94.3848 	EXP 	fixation: autoDraw = True
95.3844 	EXP 	fixation: autoDraw = False
95.3844 	EXP 	line1: autoDraw = True
95.3844 	EXP 	line2: autoDraw = True
95.3844 	EXP 	line3: autoDraw = True
95.3844 	EXP 	line4: autoDraw = True
96.3848 	EXP 	probe: autoDraw = True
96.9867 	EXP 	New trial (rep=8, index=2): OrderedDict([('pos', 50), ('corr_resp', 'c')])
96.9890 	DATA 	Keypress: v
97.0011 	EXP 	fixation: autoDraw = False
97.0011 	EXP 	line1: autoDraw = False
97.0011 	EXP 	line2: autoDraw = False
97.0011 	EXP 	line3: autoDraw = False
97.0011 	EXP 	line4: autoDraw = False
97.0011 	EXP 	probe: autoDraw = False
97.0011 	EXP 	fixation: autoDraw = True
98.0010 	EXP 	fixation: autoDraw = False
98.0010 	EXP 	line1: autoDraw = True
98.0010 	EXP 	line2: autoDraw = True
98.0010 	EXP 	line3: autoDraw = True
98.0010 	EXP 	line4: autoDraw = True
99.0010 	EXP 	probe: autoDraw = True
99.4024 	EXP 	New trial (rep=8, index=3): OrderedDict([('pos', -150), ('corr_resp', 'z')])
99.4036 	DATA 	Keypress: c
99.4173 	EXP 	fixation: autoDraw = False
99.4173 	EXP 	line1: autoDraw = False
99.4173 	EXP 	line2: autoDraw = False
99.4173 	EXP 	line3: autoDraw = False
99.4173 	EXP 	line4: autoDraw = False
99.4173 	EXP 	probe: autoDraw = False
99.4173 	EXP 	fixation: autoDraw = True
100.4171 	EXP 	fixation: autoDraw = False
100.4171 	EXP 	line1: autoDraw = True
100.4171 	EXP 	line2: autoDraw = True
100.4171 	EXP 	line3: autoDraw = True
100.4171 	EXP 	line4: autoDraw = True
101.4171 	EXP 	probe: autoDraw = True
101.8181 	EXP 	New trial (rep=9, index=0): OrderedDict([('pos', -50), ('corr_resp', 'x')])
101.8196 	DATA 	Keypress: lshift
101.8345 	EXP 	fixation: autoDraw = False
101.8345 	EXP 	line1: autoDraw = False
101.8345 	EXP 	line2: autoDraw = False
101.8345 	EXP 	line3: autoDraw = False
101.8345 	EXP 	line4: autoDraw = False
101.8345 	EXP 	probe: autoDraw = False
101.8345 	EXP 	fixation: autoDraw = True
102.8168 	EXP 	line1: autoDraw = True
102.8168 	EXP 	line2: autoDraw = True
102.8168 	EXP 	line3: autoDraw = True
102.8168 	EXP 	line4: autoDraw = True
102.8503 	EXP 	fixation: autoDraw = False
103.8338 	EXP 	probe: autoDraw = True
104.2584 	DATA 	Keypress: x
104.2685 	EXP 	New trial (rep=9, index=1): OrderedDict([('pos', 150), ('corr_resp', 'v')])
104.2834 	EXP 	fixation: autoDraw = False
104.2834 	EXP 	line1: autoDraw = False
104.2834 	EXP 	line2: autoDraw = False
104.2834 	EXP 	line3: autoDraw = False
104.2834 	EXP 	line4: autoDraw = False
104.2834 	EXP 	probe: autoDraw = False
104.2834 	EXP 	fixation: autoDraw = True
105.2667 	EXP 	line1: autoDraw = True
105.2667 	EXP 	line2: autoDraw = True
105.2667 	EXP 	line3: autoDraw = True
105.2667 	EXP 	line4: autoDraw = True
105.2835 	EXP 	fixation: autoDraw = False
106.2832 	EXP 	probe: autoDraw = True
106.6015 	EXP 	New trial (rep=9, index=2): OrderedDict([('pos', 50), ('corr_resp', 'c')])
106.6036 	DATA 	Keypress: v
106.6164 	EXP 	fixation: autoDraw = False
106.6164 	EXP 	line1: autoDraw = False
106.6164 	EXP 	line2: autoDraw = False
106.6164 	EXP 	line3: autoDraw = False
106.6164 	EXP 	line4: autoDraw = False
106.6164 	EXP 	probe: autoDraw = False
106.6164 	EXP 	fixation: autoDraw = True
107.6163 	EXP 	fixation: autoDraw = False
107.6163 	EXP 	line1: autoDraw = True
107.6163 	EXP 	line2: autoDraw = True
107.6163 	EXP 	line3: autoDraw = True
107.6163 	EXP 	line4: autoDraw = True
108.6168 	EXP 	probe: autoDraw = True
109.0682 	EXP 	New trial (rep=9, index=3): OrderedDict([('pos', -150), ('corr_resp', 'z')])
109.0698 	DATA 	Keypress: c
109.0832 	EXP 	fixation: autoDraw = False
109.0832 	EXP 	line1: autoDraw = False
109.0832 	EXP 	line2: autoDraw = False
109.0832 	EXP 	line3: autoDraw = False
109.0832 	EXP 	line4: autoDraw = False
109.0832 	EXP 	probe: autoDraw = False
109.0832 	EXP 	fixation: autoDraw = True
110.0830 	EXP 	fixation: autoDraw = False
110.0830 	EXP 	line1: autoDraw = True
110.0830 	EXP 	line2: autoDraw = True
110.0830 	EXP 	line3: autoDraw = True
110.0830 	EXP 	line4: autoDraw = True
111.0829 	EXP 	probe: autoDraw = True
111.4176 	EXP 	New trial (rep=10, index=0): OrderedDict([('pos', -50), ('corr_resp', 'x')])
111.4193 	DATA 	Keypress: lshift
111.4330 	EXP 	fixation: autoDraw = False
111.4330 	EXP 	line1: autoDraw = False
111.4330 	EXP 	line2: autoDraw = False
111.4330 	EXP 	line3: autoDraw = False
111.4330 	EXP 	line4: autoDraw = False
111.4330 	EXP 	probe: autoDraw = False
111.4330 	EXP 	fixation: autoDraw = True
112.4325 	EXP 	fixation: autoDraw = False
112.4325 	EXP 	line1: autoDraw = True
112.4325 	EXP 	line2: autoDraw = True
112.4325 	EXP 	line3: autoDraw = True
112.4325 	EXP 	line4: autoDraw = True
113.4324 	EXP 	probe: autoDraw = True
113.7503 	EXP 	New trial (rep=10, index=1): OrderedDict([('pos', 150), ('corr_resp', 'v')])
113.7521 	DATA 	Keypress: x
113.7654 	EXP 	fixation: autoDraw = False
113.7654 	EXP 	line1: autoDraw = False
113.7654 	EXP 	line2: autoDraw = False
113.7654 	EXP 	line3: autoDraw = False
113.7654 	EXP 	line4: autoDraw = False
113.7654 	EXP 	probe: autoDraw = False
113.7654 	EXP 	fixation: autoDraw = True
114.7658 	EXP 	fixation: autoDraw = False
114.7658 	EXP 	line1: autoDraw = True
114.7658 	EXP 	line2: autoDraw = True
114.7658 	EXP 	line3: autoDraw = True
114.7658 	EXP 	line4: autoDraw = True
115.7654 	EXP 	probe: autoDraw = True
116.2192 	DATA 	Keypress: v
116.2331 	EXP 	New trial (rep=10, index=2): OrderedDict([('pos', 50), ('corr_resp', 'c')])
116.2487 	EXP 	fixation: autoDraw = False
116.2487 	EXP 	line1: autoDraw = False
116.2487 	EXP 	line2: autoDraw = False
116.2487 	EXP 	line3: autoDraw = False
116.2487 	EXP 	line4: autoDraw = False
116.2487 	EXP 	probe: autoDraw = False
116.2487 	EXP 	fixation: autoDraw = True
117.2321 	EXP 	line1: autoDraw = True
117.2321 	EXP 	line2: autoDraw = True
117.2321 	EXP 	line3: autoDraw = True
117.2321 	EXP 	line4: autoDraw = True
117.2488 	EXP 	fixation: autoDraw = False
118.2488 	EXP 	probe: autoDraw = True
118.6217 	DATA 	Keypress: c
118.6335 	EXP 	New trial (rep=10, index=3): OrderedDict([('pos', -150), ('corr_resp', 'z')])
118.6484 	EXP 	fixation: autoDraw = False
118.6484 	EXP 	line1: autoDraw = False
118.6484 	EXP 	line2: autoDraw = False
118.6484 	EXP 	line3: autoDraw = False
118.6484 	EXP 	line4: autoDraw = False
118.6484 	EXP 	probe: autoDraw = False
118.6484 	EXP 	fixation: autoDraw = True
119.6486 	EXP 	fixation: autoDraw = False
119.6486 	EXP 	line1: autoDraw = True
119.6486 	EXP 	line2: autoDraw = True
119.6486 	EXP 	line3: autoDraw = True
119.6486 	EXP 	line4: autoDraw = True
120.6481 	EXP 	probe: autoDraw = True
121.9330 	EXP 	New trial (rep=11, index=0): OrderedDict([('pos', -50), ('corr_resp', 'x')])
121.9348 	DATA 	Keypress: lshift
121.9481 	EXP 	fixation: autoDraw = False
121.9481 	EXP 	line1: autoDraw = False
121.9481 	EXP 	line2: autoDraw = False
121.9481 	EXP 	line3: autoDraw = False
121.9481 	EXP 	line4: autoDraw = False
121.9481 	EXP 	probe: autoDraw = False
121.9481 	EXP 	fixation: autoDraw = True
122.9477 	EXP 	fixation: autoDraw = False
122.9477 	EXP 	line1: autoDraw = True
122.9477 	EXP 	line2: autoDraw = True
122.9477 	EXP 	line3: autoDraw = True
122.9477 	EXP 	line4: autoDraw = True
123.9480 	EXP 	probe: autoDraw = True
125.4988 	EXP 	New trial (rep=11, index=1): OrderedDict([('pos', 150), ('corr_resp', 'v')])
125.5004 	DATA 	Keypress: x
125.5142 	EXP 	fixation: autoDraw = False
125.5142 	EXP 	line1: autoDraw = False
125.5142 	EXP 	line2: autoDraw = False
125.5142 	EXP 	line3: autoDraw = False
125.5142 	EXP 	line4: autoDraw = False
125.5142 	EXP 	probe: autoDraw = False
125.5142 	EXP 	fixation: autoDraw = True
126.4976 	EXP 	line1: autoDraw = True
126.4976 	EXP 	line2: autoDraw = True
126.4976 	EXP 	line3: autoDraw = True
126.4976 	EXP 	line4: autoDraw = True
126.5143 	EXP 	fixation: autoDraw = False
127.5141 	EXP 	probe: autoDraw = True
127.8993 	EXP 	New trial (rep=11, index=2): OrderedDict([('pos', 50), ('corr_resp', 'c')])
127.9013 	DATA 	Keypress: v
127.9140 	EXP 	fixation: autoDraw = False
127.9140 	EXP 	line1: autoDraw = False
127.9140 	EXP 	line2: autoDraw = False
127.9140 	EXP 	line3: autoDraw = False
127.9140 	EXP 	line4: autoDraw = False
127.9140 	EXP 	probe: autoDraw = False
127.9140 	EXP 	fixation: autoDraw = True
128.9138 	EXP 	fixation: autoDraw = False
128.9138 	EXP 	line1: autoDraw = True
128.9138 	EXP 	line2: autoDraw = True
128.9138 	EXP 	line3: autoDraw = True
128.9138 	EXP 	line4: autoDraw = True
129.9140 	EXP 	probe: autoDraw = True
130.2656 	EXP 	New trial (rep=11, index=3): OrderedDict([('pos', -150), ('corr_resp', 'z')])
130.2676 	DATA 	Keypress: c
130.2801 	EXP 	fixation: autoDraw = False
130.2801 	EXP 	line1: autoDraw = False
130.2801 	EXP 	line2: autoDraw = False
130.2801 	EXP 	line3: autoDraw = False
130.2801 	EXP 	line4: autoDraw = False
130.2801 	EXP 	probe: autoDraw = False
130.2801 	EXP 	fixation: autoDraw = True
131.2802 	EXP 	fixation: autoDraw = False
131.2802 	EXP 	line1: autoDraw = True
131.2802 	EXP 	line2: autoDraw = True
131.2802 	EXP 	line3: autoDraw = True
131.2802 	EXP 	line4: autoDraw = True
132.2799 	EXP 	probe: autoDraw = True
132.7018 	EXP 	Imported C:/Users/debol/Desktop/PsychoPy/sequence_conditions 2.csv as conditions, 4 conditions, 2 params
132.7057 	EXP 	Created sequence: fullRandom, trialTypes=4, nReps=12, seed=None
132.7062 	EXP 	New trial (rep=0, index=0): OrderedDict([('pos', 150), ('corr_resp', 'v')])
132.7080 	DATA 	Keypress: z
132.7131 	EXP 	fixation: autoDraw = False
132.7131 	EXP 	line1: autoDraw = False
132.7131 	EXP 	line2: autoDraw = False
132.7131 	EXP 	line3: autoDraw = False
132.7131 	EXP 	line4: autoDraw = False
132.7131 	EXP 	probe: autoDraw = False
132.7131 	EXP 	fixation: autoDraw = True
133.7131 	EXP 	fixation: autoDraw = False
133.7131 	EXP 	line1: autoDraw = True
133.7131 	EXP 	line2: autoDraw = True
133.7131 	EXP 	line3: autoDraw = True
133.7131 	EXP 	line4: autoDraw = True
134.7132 	EXP 	probe: autoDraw = True
135.7314 	EXP 	New trial (rep=0, index=1): OrderedDict([('pos', -150), ('corr_resp', 'z')])
135.7334 	DATA 	Keypress: v
135.7462 	EXP 	fixation: autoDraw = False
135.7462 	EXP 	line1: autoDraw = False
135.7462 	EXP 	line2: autoDraw = False
135.7462 	EXP 	line3: autoDraw = False
135.7462 	EXP 	line4: autoDraw = False
135.7462 	EXP 	probe: autoDraw = False
135.7462 	EXP 	fixation: autoDraw = True
136.7459 	EXP 	fixation: autoDraw = False
136.7459 	EXP 	line1: autoDraw = True
136.7459 	EXP 	line2: autoDraw = True
136.7459 	EXP 	line3: autoDraw = True
136.7459 	EXP 	line4: autoDraw = True
137.7462 	EXP 	probe: autoDraw = True
138.3253 	EXP 	New trial (rep=0, index=2): OrderedDict([('pos', 50), ('corr_resp', 'c')])
138.3268 	DATA 	Keypress: z
138.3296 	EXP 	fixation: autoDraw = False
138.3296 	EXP 	line1: autoDraw = False
138.3296 	EXP 	line2: autoDraw = False
138.3296 	EXP 	line3: autoDraw = False
138.3296 	EXP 	line4: autoDraw = False
138.3296 	EXP 	probe: autoDraw = False
138.3296 	EXP 	fixation: autoDraw = True
139.3291 	EXP 	fixation: autoDraw = False
139.3291 	EXP 	line1: autoDraw = True
139.3291 	EXP 	line2: autoDraw = True
139.3291 	EXP 	line3: autoDraw = True
139.3291 	EXP 	line4: autoDraw = True
140.3290 	EXP 	probe: autoDraw = True
140.6807 	EXP 	New trial (rep=0, index=3): OrderedDict([('pos', 50), ('corr_resp', 'c')])
140.6826 	DATA 	Keypress: c
140.6954 	EXP 	fixation: autoDraw = False
140.6954 	EXP 	line1: autoDraw = False
140.6954 	EXP 	line2: autoDraw = False
140.6954 	EXP 	line3: autoDraw = False
140.6954 	EXP 	line4: autoDraw = False
140.6954 	EXP 	probe: autoDraw = False
140.6954 	EXP 	fixation: autoDraw = True
141.6955 	EXP 	fixation: autoDraw = False
141.6955 	EXP 	line1: autoDraw = True
141.6955 	EXP 	line2: autoDraw = True
141.6955 	EXP 	line3: autoDraw = True
141.6955 	EXP 	line4: autoDraw = True
142.6956 	EXP 	probe: autoDraw = True
143.2569 	DATA 	Keypress: c
143.2647 	EXP 	New trial (rep=1, index=0): OrderedDict([('pos', 50), ('corr_resp', 'c')])
143.2786 	EXP 	fixation: autoDraw = False
143.2786 	EXP 	line1: autoDraw = False
143.2786 	EXP 	line2: autoDraw = False
143.2786 	EXP 	line3: autoDraw = False
143.2786 	EXP 	line4: autoDraw = False
143.2786 	EXP 	probe: autoDraw = False
143.2786 	EXP 	fixation: autoDraw = True
144.2786 	EXP 	fixation: autoDraw = False
144.2786 	EXP 	line1: autoDraw = True
144.2786 	EXP 	line2: autoDraw = True
144.2786 	EXP 	line3: autoDraw = True
144.2786 	EXP 	line4: autoDraw = True
145.2783 	EXP 	probe: autoDraw = True
145.7465 	EXP 	New trial (rep=1, index=1): OrderedDict([('pos', -150), ('corr_resp', 'z')])
145.7498 	DATA 	Keypress: c
145.7617 	EXP 	fixation: autoDraw = False
145.7617 	EXP 	line1: autoDraw = False
145.7617 	EXP 	line2: autoDraw = False
145.7617 	EXP 	line3: autoDraw = False
145.7617 	EXP 	line4: autoDraw = False
145.7617 	EXP 	probe: autoDraw = False
145.7617 	EXP 	fixation: autoDraw = True
146.7616 	EXP 	fixation: autoDraw = False
146.7616 	EXP 	line1: autoDraw = True
146.7616 	EXP 	line2: autoDraw = True
146.7616 	EXP 	line3: autoDraw = True
146.7616 	EXP 	line4: autoDraw = True
147.7613 	EXP 	probe: autoDraw = True
148.2011 	DATA 	Keypress: x
148.2134 	EXP 	New trial (rep=1, index=2): OrderedDict([('pos', 50), ('corr_resp', 'c')])
148.2156 	DATA 	Keypress: z
148.2280 	EXP 	fixation: autoDraw = False
148.2280 	EXP 	line1: autoDraw = False
148.2280 	EXP 	line2: autoDraw = False
148.2280 	EXP 	line3: autoDraw = False
148.2280 	EXP 	line4: autoDraw = False
148.2280 	EXP 	probe: autoDraw = False
148.2280 	EXP 	fixation: autoDraw = True
149.2279 	EXP 	fixation: autoDraw = False
149.2279 	EXP 	line1: autoDraw = True
149.2279 	EXP 	line2: autoDraw = True
149.2279 	EXP 	line3: autoDraw = True
149.2279 	EXP 	line4: autoDraw = True
150.2278 	EXP 	probe: autoDraw = True
150.6062 	DATA 	Keypress: c
150.6147 	EXP 	New trial (rep=1, index=3): OrderedDict([('pos', 150), ('corr_resp', 'v')])
150.6280 	EXP 	fixation: autoDraw = False
150.6280 	EXP 	line1: autoDraw = False
150.6280 	EXP 	line2: autoDraw = False
150.6280 	EXP 	line3: autoDraw = False
150.6280 	EXP 	line4: autoDraw = False
150.6280 	EXP 	probe: autoDraw = False
150.6280 	EXP 	fixation: autoDraw = True
151.6277 	EXP 	fixation: autoDraw = False
151.6277 	EXP 	line1: autoDraw = True
151.6277 	EXP 	line2: autoDraw = True
151.6277 	EXP 	line3: autoDraw = True
151.6277 	EXP 	line4: autoDraw = True
152.6276 	EXP 	probe: autoDraw = True
153.1156 	DATA 	Keypress: v
153.1292 	EXP 	New trial (rep=2, index=0): OrderedDict([('pos', 150), ('corr_resp', 'v')])
153.1441 	EXP 	fixation: autoDraw = False
153.1441 	EXP 	line1: autoDraw = False
153.1441 	EXP 	line2: autoDraw = False
153.1441 	EXP 	line3: autoDraw = False
153.1441 	EXP 	line4: autoDraw = False
153.1441 	EXP 	probe: autoDraw = False
153.1441 	EXP 	fixation: autoDraw = True
154.1439 	EXP 	fixation: autoDraw = False
154.1439 	EXP 	line1: autoDraw = True
154.1439 	EXP 	line2: autoDraw = True
154.1439 	EXP 	line3: autoDraw = True
154.1439 	EXP 	line4: autoDraw = True
155.1439 	EXP 	probe: autoDraw = True
155.5121 	EXP 	New trial (rep=2, index=1): OrderedDict([('pos', -150), ('corr_resp', 'z')])
155.5140 	DATA 	Keypress: v
155.5272 	EXP 	fixation: autoDraw = False
155.5272 	EXP 	line1: autoDraw = False
155.5272 	EXP 	line2: autoDraw = False
155.5272 	EXP 	line3: autoDraw = False
155.5272 	EXP 	line4: autoDraw = False
155.5272 	EXP 	probe: autoDraw = False
155.5272 	EXP 	fixation: autoDraw = True
156.5269 	EXP 	fixation: autoDraw = False
156.5269 	EXP 	line1: autoDraw = True
156.5269 	EXP 	line2: autoDraw = True
156.5269 	EXP 	line3: autoDraw = True
156.5269 	EXP 	line4: autoDraw = True
157.5270 	EXP 	probe: autoDraw = True
157.9950 	EXP 	New trial (rep=2, index=2): OrderedDict([('pos', -150), ('corr_resp', 'z')])
157.9969 	DATA 	Keypress: z
158.0102 	EXP 	fixation: autoDraw = False
158.0102 	EXP 	line1: autoDraw = False
158.0102 	EXP 	line2: autoDraw = False
158.0102 	EXP 	line3: autoDraw = False
158.0102 	EXP 	line4: autoDraw = False
158.0102 	EXP 	probe: autoDraw = False
158.0102 	EXP 	fixation: autoDraw = True
159.0100 	EXP 	fixation: autoDraw = False
159.0100 	EXP 	line1: autoDraw = True
159.0100 	EXP 	line2: autoDraw = True
159.0100 	EXP 	line3: autoDraw = True
159.0100 	EXP 	line4: autoDraw = True
160.0099 	EXP 	probe: autoDraw = True
160.5471 	DATA 	Keypress: z
160.5604 	EXP 	New trial (rep=2, index=3): OrderedDict([('pos', 50), ('corr_resp', 'c')])
160.5761 	EXP 	fixation: autoDraw = False
160.5761 	EXP 	line1: autoDraw = False
160.5761 	EXP 	line2: autoDraw = False
160.5761 	EXP 	line3: autoDraw = False
160.5761 	EXP 	line4: autoDraw = False
160.5761 	EXP 	probe: autoDraw = False
160.5761 	EXP 	fixation: autoDraw = True
161.5594 	EXP 	line1: autoDraw = True
161.5594 	EXP 	line2: autoDraw = True
161.5594 	EXP 	line3: autoDraw = True
161.5594 	EXP 	line4: autoDraw = True
161.5759 	EXP 	fixation: autoDraw = False
162.5594 	EXP 	probe: autoDraw = True
162.9441 	EXP 	New trial (rep=3, index=0): OrderedDict([('pos', -50), ('corr_resp', 'x')])
162.9456 	DATA 	Keypress: c
162.9593 	EXP 	fixation: autoDraw = False
162.9593 	EXP 	line1: autoDraw = False
162.9593 	EXP 	line2: autoDraw = False
162.9593 	EXP 	line3: autoDraw = False
162.9593 	EXP 	line4: autoDraw = False
162.9593 	EXP 	probe: autoDraw = False
162.9593 	EXP 	fixation: autoDraw = True
163.9594 	EXP 	fixation: autoDraw = False
163.9594 	EXP 	line1: autoDraw = True
163.9594 	EXP 	line2: autoDraw = True
163.9594 	EXP 	line3: autoDraw = True
163.9594 	EXP 	line4: autoDraw = True
164.9593 	EXP 	probe: autoDraw = True
165.3440 	EXP 	New trial (rep=3, index=1): OrderedDict([('pos', 150), ('corr_resp', 'v')])
165.3457 	DATA 	Keypress: x
165.3589 	EXP 	fixation: autoDraw = False
165.3589 	EXP 	line1: autoDraw = False
165.3589 	EXP 	line2: autoDraw = False
165.3589 	EXP 	line3: autoDraw = False
165.3589 	EXP 	line4: autoDraw = False
165.3589 	EXP 	probe: autoDraw = False
165.3589 	EXP 	fixation: autoDraw = True
166.3591 	EXP 	fixation: autoDraw = False
166.3591 	EXP 	line1: autoDraw = True
166.3591 	EXP 	line2: autoDraw = True
166.3591 	EXP 	line3: autoDraw = True
166.3591 	EXP 	line4: autoDraw = True
167.3589 	EXP 	probe: autoDraw = True
167.9270 	EXP 	New trial (rep=3, index=2): OrderedDict([('pos', 50), ('corr_resp', 'c')])
167.9290 	DATA 	Keypress: v
167.9418 	EXP 	fixation: autoDraw = False
167.9418 	EXP 	line1: autoDraw = False
167.9418 	EXP 	line2: autoDraw = False
167.9418 	EXP 	line3: autoDraw = False
167.9418 	EXP 	line4: autoDraw = False
167.9418 	EXP 	probe: autoDraw = False
167.9418 	EXP 	fixation: autoDraw = True
168.9421 	EXP 	fixation: autoDraw = False
168.9421 	EXP 	line1: autoDraw = True
168.9421 	EXP 	line2: autoDraw = True
168.9421 	EXP 	line3: autoDraw = True
168.9421 	EXP 	line4: autoDraw = True
169.9419 	EXP 	probe: autoDraw = True
170.2623 	DATA 	Keypress: c
170.2768 	EXP 	New trial (rep=3, index=3): OrderedDict([('pos', 50), ('corr_resp', 'c')])
170.2921 	EXP 	fixation: autoDraw = False
170.2921 	EXP 	line1: autoDraw = False
170.2921 	EXP 	line2: autoDraw = False
170.2921 	EXP 	line3: autoDraw = False
170.2921 	EXP 	line4: autoDraw = False
170.2921 	EXP 	probe: autoDraw = False
170.2921 	EXP 	fixation: autoDraw = True
171.2918 	EXP 	fixation: autoDraw = False
171.2918 	EXP 	line1: autoDraw = True
171.2918 	EXP 	line2: autoDraw = True
171.2918 	EXP 	line3: autoDraw = True
171.2918 	EXP 	line4: autoDraw = True
172.2916 	EXP 	probe: autoDraw = True
172.7431 	EXP 	New trial (rep=4, index=0): OrderedDict([('pos', -150), ('corr_resp', 'z')])
172.7444 	DATA 	Keypress: c
172.7581 	EXP 	fixation: autoDraw = False
172.7581 	EXP 	line1: autoDraw = False
172.7581 	EXP 	line2: autoDraw = False
172.7581 	EXP 	line3: autoDraw = False
172.7581 	EXP 	line4: autoDraw = False
172.7581 	EXP 	probe: autoDraw = False
172.7581 	EXP 	fixation: autoDraw = True
173.7579 	EXP 	fixation: autoDraw = False
173.7579 	EXP 	line1: autoDraw = True
173.7579 	EXP 	line2: autoDraw = True
173.7579 	EXP 	line3: autoDraw = True
173.7579 	EXP 	line4: autoDraw = True
174.7581 	EXP 	probe: autoDraw = True
175.1620 	DATA 	Keypress: z
175.1758 	EXP 	New trial (rep=4, index=1): OrderedDict([('pos', -50), ('corr_resp', 'x')])
175.1915 	EXP 	fixation: autoDraw = False
175.1915 	EXP 	line1: autoDraw = False
175.1915 	EXP 	line2: autoDraw = False
175.1915 	EXP 	line3: autoDraw = False
175.1915 	EXP 	line4: autoDraw = False
175.1915 	EXP 	probe: autoDraw = False
175.1915 	EXP 	fixation: autoDraw = True
176.1911 	EXP 	fixation: autoDraw = False
176.1911 	EXP 	line1: autoDraw = True
176.1911 	EXP 	line2: autoDraw = True
176.1911 	EXP 	line3: autoDraw = True
176.1911 	EXP 	line4: autoDraw = True
177.1908 	EXP 	probe: autoDraw = True
177.5632 	DATA 	Keypress: x
177.5763 	EXP 	New trial (rep=4, index=2): OrderedDict([('pos', -50), ('corr_resp', 'x')])
177.5909 	EXP 	fixation: autoDraw = False
177.5909 	EXP 	line1: autoDraw = False
177.5909 	EXP 	line2: autoDraw = False
177.5909 	EXP 	line3: autoDraw = False
177.5909 	EXP 	line4: autoDraw = False
177.5909 	EXP 	probe: autoDraw = False
177.5909 	EXP 	fixation: autoDraw = True
178.5910 	EXP 	fixation: autoDraw = False
178.5910 	EXP 	line1: autoDraw = True
178.5910 	EXP 	line2: autoDraw = True
178.5910 	EXP 	line3: autoDraw = True
178.5910 	EXP 	line4: autoDraw = True
179.5909 	EXP 	probe: autoDraw = True
180.0588 	EXP 	New trial (rep=4, index=3): OrderedDict([('pos', 50), ('corr_resp', 'c')])
180.0607 	DATA 	Keypress: x
180.0738 	EXP 	fixation: autoDraw = False
180.0738 	EXP 	line1: autoDraw = False
180.0738 	EXP 	line2: autoDraw = False
180.0738 	EXP 	line3: autoDraw = False
180.0738 	EXP 	line4: autoDraw = False
180.0738 	EXP 	probe: autoDraw = False
180.0738 	EXP 	fixation: autoDraw = True
181.0737 	EXP 	fixation: autoDraw = False
181.0737 	EXP 	line1: autoDraw = True
181.0737 	EXP 	line2: autoDraw = True
181.0737 	EXP 	line3: autoDraw = True
181.0737 	EXP 	line4: autoDraw = True
182.0736 	EXP 	probe: autoDraw = True
182.4086 	EXP 	New trial (rep=5, index=0): OrderedDict([('pos', 150), ('corr_resp', 'v')])
182.4104 	DATA 	Keypress: c
182.4237 	EXP 	fixation: autoDraw = False
182.4237 	EXP 	line1: autoDraw = False
182.4237 	EXP 	line2: autoDraw = False
182.4237 	EXP 	line3: autoDraw = False
182.4237 	EXP 	line4: autoDraw = False
182.4237 	EXP 	probe: autoDraw = False
182.4237 	EXP 	fixation: autoDraw = True
183.4236 	EXP 	fixation: autoDraw = False
183.4236 	EXP 	line1: autoDraw = True
183.4236 	EXP 	line2: autoDraw = True
183.4236 	EXP 	line3: autoDraw = True
183.4236 	EXP 	line4: autoDraw = True
184.4234 	EXP 	probe: autoDraw = True
184.9089 	EXP 	New trial (rep=5, index=1): OrderedDict([('pos', -50), ('corr_resp', 'x')])
184.9109 	DATA 	Keypress: v
184.9233 	EXP 	fixation: autoDraw = False
184.9233 	EXP 	line1: autoDraw = False
184.9233 	EXP 	line2: autoDraw = False
184.9233 	EXP 	line3: autoDraw = False
184.9233 	EXP 	line4: autoDraw = False
184.9233 	EXP 	probe: autoDraw = False
184.9233 	EXP 	fixation: autoDraw = True
185.9232 	EXP 	fixation: autoDraw = False
185.9232 	EXP 	line1: autoDraw = True
185.9232 	EXP 	line2: autoDraw = True
185.9232 	EXP 	line3: autoDraw = True
185.9232 	EXP 	line4: autoDraw = True
186.9229 	EXP 	probe: autoDraw = True
187.5603 	EXP 	New trial (rep=5, index=2): OrderedDict([('pos', -50), ('corr_resp', 'x')])
187.5646 	DATA 	Keypress: x
187.5732 	EXP 	fixation: autoDraw = False
187.5732 	EXP 	line1: autoDraw = False
187.5732 	EXP 	line2: autoDraw = False
187.5732 	EXP 	line3: autoDraw = False
187.5732 	EXP 	line4: autoDraw = False
187.5732 	EXP 	probe: autoDraw = False
187.5732 	EXP 	fixation: autoDraw = True
188.5729 	EXP 	fixation: autoDraw = False
188.5729 	EXP 	line1: autoDraw = True
188.5729 	EXP 	line2: autoDraw = True
188.5729 	EXP 	line3: autoDraw = True
188.5729 	EXP 	line4: autoDraw = True
189.5728 	EXP 	probe: autoDraw = True
190.0912 	EXP 	New trial (rep=5, index=3): OrderedDict([('pos', -150), ('corr_resp', 'z')])
190.0932 	DATA 	Keypress: x
190.1060 	EXP 	fixation: autoDraw = False
190.1060 	EXP 	line1: autoDraw = False
190.1060 	EXP 	line2: autoDraw = False
190.1060 	EXP 	line3: autoDraw = False
190.1060 	EXP 	line4: autoDraw = False
190.1060 	EXP 	probe: autoDraw = False
190.1060 	EXP 	fixation: autoDraw = True
191.1058 	EXP 	fixation: autoDraw = False
191.1058 	EXP 	line1: autoDraw = True
191.1058 	EXP 	line2: autoDraw = True
191.1058 	EXP 	line3: autoDraw = True
191.1058 	EXP 	line4: autoDraw = True
192.1059 	EXP 	probe: autoDraw = True
192.7403 	EXP 	New trial (rep=6, index=0): OrderedDict([('pos', 150), ('corr_resp', 'v')])
192.7420 	DATA 	Keypress: z
192.7556 	EXP 	fixation: autoDraw = False
192.7556 	EXP 	line1: autoDraw = False
192.7556 	EXP 	line2: autoDraw = False
192.7556 	EXP 	line3: autoDraw = False
192.7556 	EXP 	line4: autoDraw = False
192.7556 	EXP 	probe: autoDraw = False
192.7556 	EXP 	fixation: autoDraw = True
193.7556 	EXP 	fixation: autoDraw = False
193.7556 	EXP 	line1: autoDraw = True
193.7556 	EXP 	line2: autoDraw = True
193.7556 	EXP 	line3: autoDraw = True
193.7556 	EXP 	line4: autoDraw = True
194.7556 	EXP 	probe: autoDraw = True
195.2934 	DATA 	Keypress: v
195.3070 	EXP 	New trial (rep=6, index=1): OrderedDict([('pos', -150), ('corr_resp', 'z')])
195.3221 	EXP 	fixation: autoDraw = False
195.3221 	EXP 	line1: autoDraw = False
195.3221 	EXP 	line2: autoDraw = False
195.3221 	EXP 	line3: autoDraw = False
195.3221 	EXP 	line4: autoDraw = False
195.3221 	EXP 	probe: autoDraw = False
195.3221 	EXP 	fixation: autoDraw = True
196.3219 	EXP 	fixation: autoDraw = False
196.3219 	EXP 	line1: autoDraw = True
196.3219 	EXP 	line2: autoDraw = True
196.3219 	EXP 	line3: autoDraw = True
196.3219 	EXP 	line4: autoDraw = True
197.3219 	EXP 	probe: autoDraw = True
197.8565 	EXP 	New trial (rep=6, index=2): OrderedDict([('pos', -150), ('corr_resp', 'z')])
197.8579 	DATA 	Keypress: z
197.8715 	EXP 	fixation: autoDraw = False
197.8715 	EXP 	line1: autoDraw = False
197.8715 	EXP 	line2: autoDraw = False
197.8715 	EXP 	line3: autoDraw = False
197.8715 	EXP 	line4: autoDraw = False
197.8715 	EXP 	probe: autoDraw = False
197.8715 	EXP 	fixation: autoDraw = True
198.8714 	EXP 	fixation: autoDraw = False
198.8714 	EXP 	line1: autoDraw = True
198.8714 	EXP 	line2: autoDraw = True
198.8714 	EXP 	line3: autoDraw = True
198.8714 	EXP 	line4: autoDraw = True
199.8714 	EXP 	probe: autoDraw = True
200.4061 	EXP 	New trial (rep=6, index=3): OrderedDict([('pos', -150), ('corr_resp', 'z')])
200.4078 	DATA 	Keypress: z
200.4213 	EXP 	fixation: autoDraw = False
200.4213 	EXP 	line1: autoDraw = False
200.4213 	EXP 	line2: autoDraw = False
200.4213 	EXP 	line3: autoDraw = False
200.4213 	EXP 	line4: autoDraw = False
200.4213 	EXP 	probe: autoDraw = False
200.4213 	EXP 	fixation: autoDraw = True
201.4210 	EXP 	fixation: autoDraw = False
201.4210 	EXP 	line1: autoDraw = True
201.4210 	EXP 	line2: autoDraw = True
201.4210 	EXP 	line3: autoDraw = True
201.4210 	EXP 	line4: autoDraw = True
202.4212 	EXP 	probe: autoDraw = True
202.9554 	EXP 	New trial (rep=7, index=0): OrderedDict([('pos', 50), ('corr_resp', 'c')])
202.9569 	DATA 	Keypress: z
202.9709 	EXP 	fixation: autoDraw = False
202.9709 	EXP 	line1: autoDraw = False
202.9709 	EXP 	line2: autoDraw = False
202.9709 	EXP 	line3: autoDraw = False
202.9709 	EXP 	line4: autoDraw = False
202.9709 	EXP 	probe: autoDraw = False
202.9709 	EXP 	fixation: autoDraw = True
203.9708 	EXP 	fixation: autoDraw = False
203.9708 	EXP 	line1: autoDraw = True
203.9708 	EXP 	line2: autoDraw = True
203.9708 	EXP 	line3: autoDraw = True
203.9708 	EXP 	line4: autoDraw = True
204.9708 	EXP 	probe: autoDraw = True
205.4390 	EXP 	New trial (rep=7, index=1): OrderedDict([('pos', -50), ('corr_resp', 'x')])
205.4406 	DATA 	Keypress: c
205.4539 	EXP 	fixation: autoDraw = False
205.4539 	EXP 	line1: autoDraw = False
205.4539 	EXP 	line2: autoDraw = False
205.4539 	EXP 	line3: autoDraw = False
205.4539 	EXP 	line4: autoDraw = False
205.4539 	EXP 	probe: autoDraw = False
205.4539 	EXP 	fixation: autoDraw = True
206.4539 	EXP 	fixation: autoDraw = False
206.4539 	EXP 	line1: autoDraw = True
206.4539 	EXP 	line2: autoDraw = True
206.4539 	EXP 	line3: autoDraw = True
206.4539 	EXP 	line4: autoDraw = True
207.4538 	EXP 	probe: autoDraw = True
207.8913 	EXP 	New trial (rep=7, index=2): OrderedDict([('pos', 50), ('corr_resp', 'c')])
207.8956 	DATA 	Keypress: x
207.9037 	EXP 	fixation: autoDraw = False
207.9037 	EXP 	line1: autoDraw = False
207.9037 	EXP 	line2: autoDraw = False
207.9037 	EXP 	line3: autoDraw = False
207.9037 	EXP 	line4: autoDraw = False
207.9037 	EXP 	probe: autoDraw = False
207.9037 	EXP 	fixation: autoDraw = True
208.9037 	EXP 	fixation: autoDraw = False
208.9037 	EXP 	line1: autoDraw = True
208.9037 	EXP 	line2: autoDraw = True
208.9037 	EXP 	line3: autoDraw = True
208.9037 	EXP 	line4: autoDraw = True
209.9036 	EXP 	probe: autoDraw = True
210.5581 	DATA 	Keypress: c
210.5718 	EXP 	New trial (rep=7, index=3): OrderedDict([('pos', -50), ('corr_resp', 'x')])
210.5866 	EXP 	fixation: autoDraw = False
210.5866 	EXP 	line1: autoDraw = False
210.5866 	EXP 	line2: autoDraw = False
210.5866 	EXP 	line3: autoDraw = False
210.5866 	EXP 	line4: autoDraw = False
210.5866 	EXP 	probe: autoDraw = False
210.5866 	EXP 	fixation: autoDraw = True
211.5867 	EXP 	fixation: autoDraw = False
211.5867 	EXP 	line1: autoDraw = True
211.5867 	EXP 	line2: autoDraw = True
211.5867 	EXP 	line3: autoDraw = True
211.5867 	EXP 	line4: autoDraw = True
212.5863 	EXP 	probe: autoDraw = True
213.0771 	DATA 	Keypress: x
213.0881 	EXP 	New trial (rep=8, index=0): OrderedDict([('pos', -150), ('corr_resp', 'z')])
213.1030 	EXP 	fixation: autoDraw = False
213.1030 	EXP 	line1: autoDraw = False
213.1030 	EXP 	line2: autoDraw = False
213.1030 	EXP 	line3: autoDraw = False
213.1030 	EXP 	line4: autoDraw = False
213.1030 	EXP 	probe: autoDraw = False
213.1030 	EXP 	fixation: autoDraw = True
214.1027 	EXP 	fixation: autoDraw = False
214.1027 	EXP 	line1: autoDraw = True
214.1027 	EXP 	line2: autoDraw = True
214.1027 	EXP 	line3: autoDraw = True
214.1027 	EXP 	line4: autoDraw = True
215.1030 	EXP 	probe: autoDraw = True
215.4709 	EXP 	New trial (rep=8, index=1): OrderedDict([('pos', -50), ('corr_resp', 'x')])
215.4728 	DATA 	Keypress: z
215.4860 	EXP 	fixation: autoDraw = False
215.4860 	EXP 	line1: autoDraw = False
215.4860 	EXP 	line2: autoDraw = False
215.4860 	EXP 	line3: autoDraw = False
215.4860 	EXP 	line4: autoDraw = False
215.4860 	EXP 	probe: autoDraw = False
215.4860 	EXP 	fixation: autoDraw = True
216.4860 	EXP 	fixation: autoDraw = False
216.4860 	EXP 	line1: autoDraw = True
216.4860 	EXP 	line2: autoDraw = True
216.4860 	EXP 	line3: autoDraw = True
216.4860 	EXP 	line4: autoDraw = True
217.4860 	EXP 	probe: autoDraw = True
217.8701 	DATA 	Keypress: x
217.8770 	EXP 	New trial (rep=8, index=2): OrderedDict([('pos', 150), ('corr_resp', 'v')])
217.8859 	EXP 	fixation: autoDraw = False
217.8859 	EXP 	line1: autoDraw = False
217.8859 	EXP 	line2: autoDraw = False
217.8859 	EXP 	line3: autoDraw = False
217.8859 	EXP 	line4: autoDraw = False
217.8859 	EXP 	probe: autoDraw = False
217.8859 	EXP 	fixation: autoDraw = True
218.8858 	EXP 	fixation: autoDraw = False
218.8858 	EXP 	line1: autoDraw = True
218.8858 	EXP 	line2: autoDraw = True
218.8858 	EXP 	line3: autoDraw = True
218.8858 	EXP 	line4: autoDraw = True
219.8853 	EXP 	probe: autoDraw = True
220.4873 	EXP 	New trial (rep=8, index=3): OrderedDict([('pos', -50), ('corr_resp', 'x')])
220.4891 	DATA 	Keypress: v
220.5018 	EXP 	fixation: autoDraw = False
220.5018 	EXP 	line1: autoDraw = False
220.5018 	EXP 	line2: autoDraw = False
220.5018 	EXP 	line3: autoDraw = False
220.5018 	EXP 	line4: autoDraw = False
220.5018 	EXP 	probe: autoDraw = False
220.5018 	EXP 	fixation: autoDraw = True
221.5020 	EXP 	fixation: autoDraw = False
221.5020 	EXP 	line1: autoDraw = True
221.5020 	EXP 	line2: autoDraw = True
221.5020 	EXP 	line3: autoDraw = True
221.5020 	EXP 	line4: autoDraw = True
222.5019 	EXP 	probe: autoDraw = True
222.9488 	DATA 	Keypress: x
222.9556 	EXP 	New trial (rep=9, index=0): OrderedDict([('pos', 150), ('corr_resp', 'v')])
222.9685 	EXP 	fixation: autoDraw = False
222.9685 	EXP 	line1: autoDraw = False
222.9685 	EXP 	line2: autoDraw = False
222.9685 	EXP 	line3: autoDraw = False
222.9685 	EXP 	line4: autoDraw = False
222.9685 	EXP 	probe: autoDraw = False
222.9685 	EXP 	fixation: autoDraw = True
223.9684 	EXP 	fixation: autoDraw = False
223.9684 	EXP 	line1: autoDraw = True
223.9684 	EXP 	line2: autoDraw = True
223.9684 	EXP 	line3: autoDraw = True
223.9684 	EXP 	line4: autoDraw = True
224.9681 	EXP 	probe: autoDraw = True
225.4057 	DATA 	Keypress: v
225.4200 	EXP 	New trial (rep=9, index=1): OrderedDict([('pos', 150), ('corr_resp', 'v')])
225.4350 	EXP 	fixation: autoDraw = False
225.4350 	EXP 	line1: autoDraw = False
225.4350 	EXP 	line2: autoDraw = False
225.4350 	EXP 	line3: autoDraw = False
225.4350 	EXP 	line4: autoDraw = False
225.4350 	EXP 	probe: autoDraw = False
225.4350 	EXP 	fixation: autoDraw = True
226.4348 	EXP 	fixation: autoDraw = False
226.4348 	EXP 	line1: autoDraw = True
226.4348 	EXP 	line2: autoDraw = True
226.4348 	EXP 	line3: autoDraw = True
226.4348 	EXP 	line4: autoDraw = True
227.4345 	EXP 	probe: autoDraw = True
227.9356 	EXP 	New trial (rep=9, index=2): OrderedDict([('pos', -50), ('corr_resp', 'x')])
227.9369 	DATA 	Keypress: v
227.9510 	EXP 	fixation: autoDraw = False
227.9510 	EXP 	line1: autoDraw = False
227.9510 	EXP 	line2: autoDraw = False
227.9510 	EXP 	line3: autoDraw = False
227.9510 	EXP 	line4: autoDraw = False
227.9510 	EXP 	probe: autoDraw = False
227.9510 	EXP 	fixation: autoDraw = True
228.9512 	EXP 	fixation: autoDraw = False
228.9512 	EXP 	line1: autoDraw = True
228.9512 	EXP 	line2: autoDraw = True
228.9512 	EXP 	line3: autoDraw = True
228.9512 	EXP 	line4: autoDraw = True
229.9344 	EXP 	probe: autoDraw = True
230.3528 	EXP 	New trial (rep=9, index=3): OrderedDict([('pos', 50), ('corr_resp', 'c')])
230.3545 	DATA 	Keypress: x
230.3676 	EXP 	fixation: autoDraw = False
230.3676 	EXP 	line1: autoDraw = False
230.3676 	EXP 	line2: autoDraw = False
230.3676 	EXP 	line3: autoDraw = False
230.3676 	EXP 	line4: autoDraw = False
230.3676 	EXP 	probe: autoDraw = False
230.3676 	EXP 	fixation: autoDraw = True
231.3674 	EXP 	fixation: autoDraw = False
231.3674 	EXP 	line1: autoDraw = True
231.3674 	EXP 	line2: autoDraw = True
231.3674 	EXP 	line3: autoDraw = True
231.3674 	EXP 	line4: autoDraw = True
232.3671 	EXP 	probe: autoDraw = True
232.7188 	EXP 	New trial (rep=10, index=0): OrderedDict([('pos', 150), ('corr_resp', 'v')])
232.7204 	DATA 	Keypress: c
232.7339 	EXP 	fixation: autoDraw = False
232.7339 	EXP 	line1: autoDraw = False
232.7339 	EXP 	line2: autoDraw = False
232.7339 	EXP 	line3: autoDraw = False
232.7339 	EXP 	line4: autoDraw = False
232.7339 	EXP 	probe: autoDraw = False
232.7339 	EXP 	fixation: autoDraw = True
233.7338 	EXP 	fixation: autoDraw = False
233.7338 	EXP 	line1: autoDraw = True
233.7338 	EXP 	line2: autoDraw = True
233.7338 	EXP 	line3: autoDraw = True
233.7338 	EXP 	line4: autoDraw = True
234.7337 	EXP 	probe: autoDraw = True
235.2131 	DATA 	Keypress: v
235.2206 	EXP 	New trial (rep=10, index=1): OrderedDict([('pos', -50), ('corr_resp', 'x')])
235.2336 	EXP 	fixation: autoDraw = False
235.2336 	EXP 	line1: autoDraw = False
235.2336 	EXP 	line2: autoDraw = False
235.2336 	EXP 	line3: autoDraw = False
235.2336 	EXP 	line4: autoDraw = False
235.2336 	EXP 	probe: autoDraw = False
235.2336 	EXP 	fixation: autoDraw = True
236.2335 	EXP 	fixation: autoDraw = False
236.2335 	EXP 	line1: autoDraw = True
236.2335 	EXP 	line2: autoDraw = True
236.2335 	EXP 	line3: autoDraw = True
236.2335 	EXP 	line4: autoDraw = True
237.2332 	EXP 	probe: autoDraw = True
237.6682 	EXP 	New trial (rep=10, index=2): OrderedDict([('pos', 150), ('corr_resp', 'v')])
237.6698 	DATA 	Keypress: x
237.6832 	EXP 	fixation: autoDraw = False
237.6832 	EXP 	line1: autoDraw = False
237.6832 	EXP 	line2: autoDraw = False
237.6832 	EXP 	line3: autoDraw = False
237.6832 	EXP 	line4: autoDraw = False
237.6832 	EXP 	probe: autoDraw = False
237.6832 	EXP 	fixation: autoDraw = True
238.6831 	EXP 	fixation: autoDraw = False
238.6831 	EXP 	line1: autoDraw = True
238.6831 	EXP 	line2: autoDraw = True
238.6831 	EXP 	line3: autoDraw = True
238.6831 	EXP 	line4: autoDraw = True
239.6832 	EXP 	probe: autoDraw = True
240.1514 	EXP 	New trial (rep=10, index=3): OrderedDict([('pos', -150), ('corr_resp', 'z')])
240.1533 	DATA 	Keypress: v
240.1660 	EXP 	fixation: autoDraw = False
240.1660 	EXP 	line1: autoDraw = False
240.1660 	EXP 	line2: autoDraw = False
240.1660 	EXP 	line3: autoDraw = False
240.1660 	EXP 	line4: autoDraw = False
240.1660 	EXP 	probe: autoDraw = False
240.1660 	EXP 	fixation: autoDraw = True
241.1661 	EXP 	fixation: autoDraw = False
241.1661 	EXP 	line1: autoDraw = True
241.1661 	EXP 	line2: autoDraw = True
241.1661 	EXP 	line3: autoDraw = True
241.1661 	EXP 	line4: autoDraw = True
242.1660 	EXP 	probe: autoDraw = True
242.4842 	EXP 	New trial (rep=11, index=0): OrderedDict([('pos', 50), ('corr_resp', 'c')])
242.4862 	DATA 	Keypress: z
242.4992 	EXP 	fixation: autoDraw = False
242.4992 	EXP 	line1: autoDraw = False
242.4992 	EXP 	line2: autoDraw = False
242.4992 	EXP 	line3: autoDraw = False
242.4992 	EXP 	line4: autoDraw = False
242.4992 	EXP 	probe: autoDraw = False
242.4992 	EXP 	fixation: autoDraw = True
243.4992 	EXP 	fixation: autoDraw = False
243.4992 	EXP 	line1: autoDraw = True
243.4992 	EXP 	line2: autoDraw = True
243.4992 	EXP 	line3: autoDraw = True
243.4992 	EXP 	line4: autoDraw = True
244.4993 	EXP 	probe: autoDraw = True
244.8338 	EXP 	New trial (rep=11, index=1): OrderedDict([('pos', 150), ('corr_resp', 'v')])
244.8357 	DATA 	Keypress: c
244.8489 	EXP 	fixation: autoDraw = False
244.8489 	EXP 	line1: autoDraw = False
244.8489 	EXP 	line2: autoDraw = False
244.8489 	EXP 	line3: autoDraw = False
244.8489 	EXP 	line4: autoDraw = False
244.8489 	EXP 	probe: autoDraw = False
244.8489 	EXP 	fixation: autoDraw = True
245.8489 	EXP 	fixation: autoDraw = False
245.8489 	EXP 	line1: autoDraw = True
245.8489 	EXP 	line2: autoDraw = True
245.8489 	EXP 	line3: autoDraw = True
245.8489 	EXP 	line4: autoDraw = True
246.8490 	EXP 	probe: autoDraw = True
247.2531 	DATA 	Keypress: v
247.2667 	EXP 	New trial (rep=11, index=2): OrderedDict([('pos', -150), ('corr_resp', 'z')])
247.2820 	EXP 	fixation: autoDraw = False
247.2820 	EXP 	line1: autoDraw = False
247.2820 	EXP 	line2: autoDraw = False
247.2820 	EXP 	line3: autoDraw = False
247.2820 	EXP 	line4: autoDraw = False
247.2820 	EXP 	probe: autoDraw = False
247.2820 	EXP 	fixation: autoDraw = True
248.2816 	EXP 	fixation: autoDraw = False
248.2816 	EXP 	line1: autoDraw = True
248.2816 	EXP 	line2: autoDraw = True
248.2816 	EXP 	line3: autoDraw = True
248.2816 	EXP 	line4: autoDraw = True
249.2818 	EXP 	probe: autoDraw = True
249.9030 	DATA 	Keypress: z
249.9165 	EXP 	New trial (rep=11, index=3): OrderedDict([('pos', -50), ('corr_resp', 'x')])
249.9315 	EXP 	fixation: autoDraw = False
249.9315 	EXP 	line1: autoDraw = False
249.9315 	EXP 	line2: autoDraw = False
249.9315 	EXP 	line3: autoDraw = False
249.9315 	EXP 	line4: autoDraw = False
249.9315 	EXP 	probe: autoDraw = False
249.9315 	EXP 	fixation: autoDraw = True
250.9315 	EXP 	fixation: autoDraw = False
250.9315 	EXP 	line1: autoDraw = True
250.9315 	EXP 	line2: autoDraw = True
250.9315 	EXP 	line3: autoDraw = True
250.9315 	EXP 	line4: autoDraw = True
251.9314 	EXP 	probe: autoDraw = True
252.3691 	DATA 	Keypress: x
252.3812 	EXP 	fixation: autoDraw = False
252.3812 	EXP 	line1: autoDraw = False
252.3812 	EXP 	line2: autoDraw = False
252.3812 	EXP 	line3: autoDraw = False
252.3812 	EXP 	line4: autoDraw = False
252.3812 	EXP 	probe: autoDraw = False
252.6214 	EXP 	window1: mouseVisible = True
